<?xml version="1.0" encoding="UTF-8"?>
<testsuite xmlns:xsi="http://www.w3.org/2001/XMLSchema-instance" xsi:noNamespaceSchemaLocation="https://maven.apache.org/surefire/maven-surefire-plugin/xsd/surefire-test-report.xsd" name="projetoESIGJAVA.AppTest" time="0.122" tests="1" errors="0" skipped="0" failures="0">
  <properties>
    <property name="sun.desktop" value="gnome"/>
    <property name="awt.toolkit" value="sun.awt.X11.XToolkit"/>
    <property name="file.encoding.pkg" value="sun.io"/>
    <property name="java.specification.version" value="1.8"/>
    <property name="sun.cpu.isalist" value=""/>
    <property name="sun.jnu.encoding" value="UTF-8"/>
    <property name="java.class.path" value="/home/heitor/java/task-manager/target/test-classes:/home/heitor/java/task-manager/target/classes:/home/heitor/.m2/repository/org/springframework/boot/spring-boot-starter/2.7.14/spring-boot-starter-2.7.14.jar:/home/heitor/.m2/repository/org/springframework/boot/spring-boot/2.7.14/spring-boot-2.7.14.jar:/home/heitor/.m2/repository/org/springframework/spring-context/5.3.29/spring-context-5.3.29.jar:/home/heitor/.m2/repository/org/springframework/spring-aop/5.3.29/spring-aop-5.3.29.jar:/home/heitor/.m2/repository/org/springframework/spring-beans/5.3.29/spring-beans-5.3.29.jar:/home/heitor/.m2/repository/org/springframework/spring-expression/5.3.29/spring-expression-5.3.29.jar:/home/heitor/.m2/repository/org/springframework/boot/spring-boot-autoconfigure/2.7.14/spring-boot-autoconfigure-2.7.14.jar:/home/heitor/.m2/repository/org/springframework/boot/spring-boot-starter-logging/2.7.14/spring-boot-starter-logging-2.7.14.jar:/home/heitor/.m2/repository/ch/qos/logback/logback-classic/1.2.12/logback-classic-1.2.12.jar:/home/heitor/.m2/repository/ch/qos/logback/logback-core/1.2.12/logback-core-1.2.12.jar:/home/heitor/.m2/repository/org/slf4j/slf4j-api/1.7.36/slf4j-api-1.7.36.jar:/home/heitor/.m2/repository/org/apache/logging/log4j/log4j-to-slf4j/2.17.2/log4j-to-slf4j-2.17.2.jar:/home/heitor/.m2/repository/org/apache/logging/log4j/log4j-api/2.17.2/log4j-api-2.17.2.jar:/home/heitor/.m2/repository/org/slf4j/jul-to-slf4j/1.7.36/jul-to-slf4j-1.7.36.jar:/home/heitor/.m2/repository/jakarta/annotation/jakarta.annotation-api/1.3.5/jakarta.annotation-api-1.3.5.jar:/home/heitor/.m2/repository/org/springframework/spring-core/5.3.29/spring-core-5.3.29.jar:/home/heitor/.m2/repository/org/springframework/spring-jcl/5.3.29/spring-jcl-5.3.29.jar:/home/heitor/.m2/repository/org/yaml/snakeyaml/1.30/snakeyaml-1.30.jar:/home/heitor/.m2/repository/org/postgresql/postgresql/42.2.23.jre7/postgresql-42.2.23.jre7.jar:/home/heitor/.m2/repository/org/hibernate/hibernate-core/4.3.8.Final/hibernate-core-4.3.8.Final.jar:/home/heitor/.m2/repository/org/jboss/logging/jboss-logging/3.4.3.Final/jboss-logging-3.4.3.Final.jar:/home/heitor/.m2/repository/org/jboss/logging/jboss-logging-annotations/1.2.0.Beta1/jboss-logging-annotations-1.2.0.Beta1.jar:/home/heitor/.m2/repository/org/jboss/spec/javax/transaction/jboss-transaction-api_1.2_spec/1.0.0.Final/jboss-transaction-api_1.2_spec-1.0.0.Final.jar:/home/heitor/.m2/repository/dom4j/dom4j/1.6.1/dom4j-1.6.1.jar:/home/heitor/.m2/repository/xml-apis/xml-apis/1.0.b2/xml-apis-1.0.b2.jar:/home/heitor/.m2/repository/org/hibernate/common/hibernate-commons-annotations/4.0.5.Final/hibernate-commons-annotations-4.0.5.Final.jar:/home/heitor/.m2/repository/org/hibernate/javax/persistence/hibernate-jpa-2.1-api/1.0.0.Final/hibernate-jpa-2.1-api-1.0.0.Final.jar:/home/heitor/.m2/repository/org/javassist/javassist/3.18.1-GA/javassist-3.18.1-GA.jar:/home/heitor/.m2/repository/antlr/antlr/2.7.7/antlr-2.7.7.jar:/home/heitor/.m2/repository/org/jboss/jandex/1.1.0.Final/jandex-1.1.0.Final.jar:/home/heitor/.m2/repository/org/hibernate/hibernate-entitymanager/4.3.8.Final/hibernate-entitymanager-4.3.8.Final.jar:/home/heitor/.m2/repository/org/hibernate/hibernate-validator/5.0.1.Final/hibernate-validator-5.0.1.Final.jar:/home/heitor/.m2/repository/javax/validation/validation-api/2.0.1.Final/validation-api-2.0.1.Final.jar:/home/heitor/.m2/repository/com/fasterxml/classmate/1.5.1/classmate-1.5.1.jar:/home/heitor/.m2/repository/org/primefaces/primefaces/7.0/primefaces-7.0.jar:/home/heitor/.m2/repository/com/sun/faces/jsf-api/2.2.17/jsf-api-2.2.17.jar:/home/heitor/.m2/repository/com/sun/faces/jsf-impl/2.2.17/jsf-impl-2.2.17.jar:/home/heitor/.m2/repository/junit/junit/4.11/junit-4.11.jar:/home/heitor/.m2/repository/org/hamcrest/hamcrest-core/2.2/hamcrest-core-2.2.jar:/home/heitor/.m2/repository/org/hamcrest/hamcrest/2.2/hamcrest-2.2.jar:/home/heitor/.m2/repository/javax/servlet/javax.servlet-api/4.0.1/javax.servlet-api-4.0.1.jar:/home/heitor/.m2/repository/javax/inject/javax.inject/1/javax.inject-1.jar:"/>
    <property name="java.vm.vendor" value="Temurin"/>
    <property name="sun.arch.data.model" value="64"/>
    <property name="java.vendor.url" value="https://adoptium.net/"/>
    <property name="user.timezone" value=""/>
    <property name="java.vm.specification.version" value="1.8"/>
    <property name="os.name" value="Linux"/>
    <property name="user.country" value="BR"/>
    <property name="sun.java.launcher" value="SUN_STANDARD"/>
    <property name="sun.boot.library.path" value="/home/heitor/.sdkman/candidates/java/8.0.392-tem/jre/lib/amd64"/>
    <property name="sun.java.command" value="/home/heitor/java/task-manager/target/surefire/surefirebooter3971492334827581912.jar /home/heitor/java/task-manager/target/surefire 2025-08-20T02-30-54_205-jvmRun1 surefire7824334858681842339tmp surefire_0774553921164287682tmp"/>
    <property name="surefire.test.class.path" value="/home/heitor/java/task-manager/target/test-classes:/home/heitor/java/task-manager/target/classes:/home/heitor/.m2/repository/org/springframework/boot/spring-boot-starter/2.7.14/spring-boot-starter-2.7.14.jar:/home/heitor/.m2/repository/org/springframework/boot/spring-boot/2.7.14/spring-boot-2.7.14.jar:/home/heitor/.m2/repository/org/springframework/spring-context/5.3.29/spring-context-5.3.29.jar:/home/heitor/.m2/repository/org/springframework/spring-aop/5.3.29/spring-aop-5.3.29.jar:/home/heitor/.m2/repository/org/springframework/spring-beans/5.3.29/spring-beans-5.3.29.jar:/home/heitor/.m2/repository/org/springframework/spring-expression/5.3.29/spring-expression-5.3.29.jar:/home/heitor/.m2/repository/org/springframework/boot/spring-boot-autoconfigure/2.7.14/spring-boot-autoconfigure-2.7.14.jar:/home/heitor/.m2/repository/org/springframework/boot/spring-boot-starter-logging/2.7.14/spring-boot-starter-logging-2.7.14.jar:/home/heitor/.m2/repository/ch/qos/logback/logback-classic/1.2.12/logback-classic-1.2.12.jar:/home/heitor/.m2/repository/ch/qos/logback/logback-core/1.2.12/logback-core-1.2.12.jar:/home/heitor/.m2/repository/org/slf4j/slf4j-api/1.7.36/slf4j-api-1.7.36.jar:/home/heitor/.m2/repository/org/apache/logging/log4j/log4j-to-slf4j/2.17.2/log4j-to-slf4j-2.17.2.jar:/home/heitor/.m2/repository/org/apache/logging/log4j/log4j-api/2.17.2/log4j-api-2.17.2.jar:/home/heitor/.m2/repository/org/slf4j/jul-to-slf4j/1.7.36/jul-to-slf4j-1.7.36.jar:/home/heitor/.m2/repository/jakarta/annotation/jakarta.annotation-api/1.3.5/jakarta.annotation-api-1.3.5.jar:/home/heitor/.m2/repository/org/springframework/spring-core/5.3.29/spring-core-5.3.29.jar:/home/heitor/.m2/repository/org/springframework/spring-jcl/5.3.29/spring-jcl-5.3.29.jar:/home/heitor/.m2/repository/org/yaml/snakeyaml/1.30/snakeyaml-1.30.jar:/home/heitor/.m2/repository/org/postgresql/postgresql/42.2.23.jre7/postgresql-42.2.23.jre7.jar:/home/heitor/.m2/repository/org/hibernate/hibernate-core/4.3.8.Final/hibernate-core-4.3.8.Final.jar:/home/heitor/.m2/repository/org/jboss/logging/jboss-logging/3.4.3.Final/jboss-logging-3.4.3.Final.jar:/home/heitor/.m2/repository/org/jboss/logging/jboss-logging-annotations/1.2.0.Beta1/jboss-logging-annotations-1.2.0.Beta1.jar:/home/heitor/.m2/repository/org/jboss/spec/javax/transaction/jboss-transaction-api_1.2_spec/1.0.0.Final/jboss-transaction-api_1.2_spec-1.0.0.Final.jar:/home/heitor/.m2/repository/dom4j/dom4j/1.6.1/dom4j-1.6.1.jar:/home/heitor/.m2/repository/xml-apis/xml-apis/1.0.b2/xml-apis-1.0.b2.jar:/home/heitor/.m2/repository/org/hibernate/common/hibernate-commons-annotations/4.0.5.Final/hibernate-commons-annotations-4.0.5.Final.jar:/home/heitor/.m2/repository/org/hibernate/javax/persistence/hibernate-jpa-2.1-api/1.0.0.Final/hibernate-jpa-2.1-api-1.0.0.Final.jar:/home/heitor/.m2/repository/org/javassist/javassist/3.18.1-GA/javassist-3.18.1-GA.jar:/home/heitor/.m2/repository/antlr/antlr/2.7.7/antlr-2.7.7.jar:/home/heitor/.m2/repository/org/jboss/jandex/1.1.0.Final/jandex-1.1.0.Final.jar:/home/heitor/.m2/repository/org/hibernate/hibernate-entitymanager/4.3.8.Final/hibernate-entitymanager-4.3.8.Final.jar:/home/heitor/.m2/repository/org/hibernate/hibernate-validator/5.0.1.Final/hibernate-validator-5.0.1.Final.jar:/home/heitor/.m2/repository/javax/validation/validation-api/2.0.1.Final/validation-api-2.0.1.Final.jar:/home/heitor/.m2/repository/com/fasterxml/classmate/1.5.1/classmate-1.5.1.jar:/home/heitor/.m2/repository/org/primefaces/primefaces/7.0/primefaces-7.0.jar:/home/heitor/.m2/repository/com/sun/faces/jsf-api/2.2.17/jsf-api-2.2.17.jar:/home/heitor/.m2/repository/com/sun/faces/jsf-impl/2.2.17/jsf-impl-2.2.17.jar:/home/heitor/.m2/repository/junit/junit/4.11/junit-4.11.jar:/home/heitor/.m2/repository/org/hamcrest/hamcrest-core/2.2/hamcrest-core-2.2.jar:/home/heitor/.m2/repository/org/hamcrest/hamcrest/2.2/hamcrest-2.2.jar:/home/heitor/.m2/repository/javax/servlet/javax.servlet-api/4.0.1/javax.servlet-api-4.0.1.jar:/home/heitor/.m2/repository/javax/inject/javax.inject/1/javax.inject-1.jar:"/>
    <property name="sun.cpu.endian" value="little"/>
    <property name="user.home" value="/home/heitor"/>
    <property name="user.language" value="pt"/>
    <property name="java.specification.vendor" value="Oracle Corporation"/>
    <property name="java.home" value="/home/heitor/.sdkman/candidates/java/8.0.392-tem/jre"/>
    <property name="basedir" value="/home/heitor/java/task-manager"/>
    <property name="file.separator" value="/"/>
    <property name="line.separator" value="&#10;"/>
    <property name="java.vm.specification.vendor" value="Oracle Corporation"/>
    <property name="java.specification.name" value="Java Platform API Specification"/>
    <property name="java.awt.graphicsenv" value="sun.awt.X11GraphicsEnvironment"/>
    <property name="surefire.real.class.path" value="/home/heitor/java/task-manager/target/surefire/surefirebooter3971492334827581912.jar"/>
    <property name="sun.boot.class.path" value="/home/heitor/.sdkman/candidates/java/8.0.392-tem/jre/lib/resources.jar:/home/heitor/.sdkman/candidates/java/8.0.392-tem/jre/lib/rt.jar:/home/heitor/.sdkman/candidates/java/8.0.392-tem/jre/lib/sunrsasign.jar:/home/heitor/.sdkman/candidates/java/8.0.392-tem/jre/lib/jsse.jar:/home/heitor/.sdkman/candidates/java/8.0.392-tem/jre/lib/jce.jar:/home/heitor/.sdkman/candidates/java/8.0.392-tem/jre/lib/charsets.jar:/home/heitor/.sdkman/candidates/java/8.0.392-tem/jre/lib/jfr.jar:/home/heitor/.sdkman/candidates/java/8.0.392-tem/jre/classes"/>
    <property name="sun.management.compiler" value="HotSpot 64-Bit Tiered Compilers"/>
    <property name="java.runtime.version" value="1.8.0_392-b08"/>
    <property name="user.name" value="heitor"/>
    <property name="path.separator" value=":"/>
    <property name="os.version" value="6.1.0-37-amd64"/>
    <property name="java.endorsed.dirs" value="/home/heitor/.sdkman/candidates/java/8.0.392-tem/jre/lib/endorsed"/>
    <property name="java.runtime.name" value="OpenJDK Runtime Environment"/>
    <property name="file.encoding" value="UTF-8"/>
    <property name="java.vm.name" value="OpenJDK 64-Bit Server VM"/>
    <property name="localRepository" value="/home/heitor/.m2/repository"/>
    <property name="java.vendor.url.bug" value="https://github.com/adoptium/adoptium-support/issues"/>
    <property name="java.io.tmpdir" value="/tmp"/>
    <property name="java.version" value="1.8.0_392"/>
    <property name="user.dir" value="/home/heitor/java/task-manager"/>
    <property name="os.arch" value="amd64"/>
    <property name="java.vm.specification.name" value="Java Virtual Machine Specification"/>
    <property name="java.awt.printerjob" value="sun.print.PSPrinterJob"/>
    <property name="sun.os.patch.level" value="unknown"/>
    <property name="java.library.path" value="/usr/java/packages/lib/amd64:/usr/lib64:/lib64:/lib:/usr/lib"/>
    <property name="java.vm.info" value="mixed mode"/>
    <property name="java.vendor" value="Temurin"/>
    <property name="java.vm.version" value="25.392-b08"/>
    <property name="java.specification.maintenance.version" value="5"/>
    <property name="java.ext.dirs" value="/home/heitor/.sdkman/candidates/java/8.0.392-tem/jre/lib/ext:/usr/java/packages/lib/ext"/>
    <property name="sun.io.unicode.encoding" value="UnicodeLittle"/>
    <property name="java.class.version" value="52.0"/>
  </properties>
  <testcase name="shouldAnswerWithTrue" classname="projetoESIGJAVA.AppTest" time="0.014"/>
</testsuite>